
fsck_hfs started at Mon Dec  9 10:20:05 2013
** /dev/rdisk1s2 (NO WRITE)
   Executing fsck_hfs (version hfs-226.1.1).
** Checking non-journaled HFS Plus Volume.
   The volume name is Xcode
** Checking extents overflow file.
** Checking catalog file.
** Checking multi-linked files.
** Checking catalog hierarchy.
** Checking extended attributes file.
** Checking volume bitmap.
** Checking volume information.
** The volume Xcode appears to be OK.
fsck_hfs completed at Mon Dec  9 10:20:09 2013


fsck_hfs started at Mon Dec  9 10:28:23 2013
** /dev/rdisk1s2 (NO WRITE)
   Executing fsck_hfs (version hfs-226.1.1).
** Checking non-journaled HFS Plus Volume.
   The volume name is Command Line Developer Tools
** Checking extents overflow file.
** Checking catalog file.
** Checking multi-linked files.
** Checking catalog hierarchy.
** Checking extended attributes file.
** Checking volume bitmap.
** Checking volume information.
** The volume Command Line Developer Tools appears to be OK.
fsck_hfs completed at Mon Dec  9 10:28:23 2013


fsck_hfs started at Mon Dec  9 11:14:24 2013
** /dev/rdisk2s2 (NO WRITE)
   Executing fsck_hfs (version hfs-226.1.1).
** Checking non-journaled HFS Plus Volume.
   The volume name is Dropbox Installer
** Checking extents overflow file.
** Checking catalog file.
** Checking multi-linked files.
** Checking catalog hierarchy.
** Checking volume bitmap.
** Checking volume information.
** The volume Dropbox Installer appears to be OK.
fsck_hfs completed at Mon Dec  9 11:14:24 2013


fsck_hfs started at Mon Dec  9 14:23:10 2013
** /dev/rdisk2s2 (NO WRITE)
   Executing fsck_hfs (version hfs-226.1.1).
** Checking Journaled HFS Plus volume.
   The volume name is Xerox Print Driver 2.113.0
** Checking extents overflow file.
** Checking catalog file.
** Checking multi-linked files.
** Checking catalog hierarchy.
** Checking extended attributes file.
** Checking volume bitmap.
** Checking volume information.
** The volume Xerox Print Driver 2.113.0 appears to be OK.
fsck_hfs completed at Mon Dec  9 14:23:10 2013


fsck_hfs started at Mon Dec  9 15:23:24 2013
** /dev/rdisk3s2 (NO WRITE)
   Executing fsck_hfs (version hfs-226.1.1).
** Checking non-journaled HFS Plus Volume.
   The volume name is Firefox
** Checking extents overflow file.
** Checking catalog file.
** Checking multi-linked files.
** Checking catalog hierarchy.
** Checking volume bitmap.
** Checking volume information.
** The volume Firefox appears to be OK.
fsck_hfs completed at Mon Dec  9 15:23:24 2013


fsck_hfs started at Mon Dec  9 15:23:49 2013
** /dev/rdisk4s2 (NO WRITE)
   Executing fsck_hfs (version hfs-226.1.1).
** Checking Journaled HFS Plus volume.
   The volume name is Sublime Text 2
** Checking extents overflow file.
** Checking catalog file.
** Checking multi-linked files.
** Checking catalog hierarchy.
** Checking extended attributes file.
** Checking volume bitmap.
** Checking volume information.
** The volume Sublime Text 2 appears to be OK.
fsck_hfs completed at Mon Dec  9 15:23:49 2013


fsck_hfs started at Tue Dec 17 10:10:17 2013
** /dev/rdisk1s2 (NO WRITE)
   Executing fsck_hfs (version hfs-226.1.1).
** Checking non-journaled HFS Plus Volume.
   The volume name is Sequel Pro 1.0.2
** Checking extents overflow file.
** Checking catalog file.
** Checking multi-linked files.
** Checking catalog hierarchy.
** Checking extended attributes file.
** Checking volume bitmap.
** Checking volume information.
** The volume Sequel Pro 1.0.2 appears to be OK.
fsck_hfs completed at Tue Dec 17 10:10:17 2013


fsck_hfs started at Thu Dec 19 11:42:47 2013
** /dev/rdisk1s2 (NO WRITE)
   Executing fsck_hfs (version hfs-226.1.1).
** Checking non-journaled HFS Plus Volume.
   The volume name is OpenOffice
** Checking extents overflow file.
** Checking catalog file.
** Checking multi-linked files.
** Checking catalog hierarchy.
** Checking volume bitmap.
** Checking volume information.
** The volume OpenOffice appears to be OK.
fsck_hfs completed at Thu Dec 19 11:42:47 2013


fsck_hfs started at Fri Dec 27 11:06:01 2013
** /dev/rdisk1s2 (NO WRITE)
   Executing fsck_hfs (version hfs-226.1.1).
** Checking Journaled HFS Plus volume.
   The volume name is vlc-2.1.2
** Checking extents overflow file.
** Checking catalog file.
** Checking multi-linked files.
** Checking catalog hierarchy.
** Checking extended attributes file.
** Checking volume bitmap.
** Checking volume information.
** The volume vlc-2.1.2 appears to be OK.
fsck_hfs completed at Fri Dec 27 11:06:01 2013


fsck_hfs started at Fri Dec 27 11:11:29 2013
** /dev/rdisk1s2 (NO WRITE)
   Executing fsck_hfs (version hfs-226.1.1).
** Checking non-journaled HFS Plus Volume.
   The volume name is TinkerTool 5.1
** Checking extents overflow file.
** Checking catalog file.
** Checking multi-linked files.
** Checking catalog hierarchy.
** Checking extended attributes file.
** Checking volume bitmap.
** Checking volume information.
** The volume TinkerTool 5.1 appears to be OK.
fsck_hfs completed at Fri Dec 27 11:11:29 2013


fsck_hfs started at Fri Dec 27 12:06:18 2013
** /dev/rdisk1s2 (NO WRITE)
   Executing fsck_hfs (version hfs-226.1.1).
** Checking Journaled HFS Plus volume.
   The volume name is Sublime Text
** Checking extents overflow file.
** Checking catalog file.
** Checking multi-linked files.
** Checking catalog hierarchy.
** Checking extended attributes file.
** Checking volume bitmap.
** Checking volume information.
** The volume Sublime Text appears to be OK.
fsck_hfs completed at Fri Dec 27 12:06:18 2013


fsck_hfs started at Fri Dec 27 12:24:55 2013
** /dev/rdisk2s1 (NO WRITE)
   Executing fsck_hfs (version hfs-226.1.1).
** Checking non-journaled HFS Plus Volume.
   The volume name is XtraFinder
** Checking extents overflow file.
** Checking catalog file.
** Checking multi-linked files.
** Checking catalog hierarchy.
** Checking extended attributes file.
** Checking volume bitmap.
** Checking volume information.
** The volume XtraFinder appears to be OK.
fsck_hfs completed at Fri Dec 27 12:24:55 2013


fsck_hfs started at Fri Dec 27 16:03:04 2013
** /dev/rdisk3s2 (NO WRITE)
   Executing fsck_hfs (version hfs-226.1.1).
** Checking Journaled HFS Plus volume.
   The volume name is Rdio
** Checking extents overflow file.
** Checking catalog file.
** Checking multi-linked files.
** Checking catalog hierarchy.
** Checking extended attributes file.
** Checking volume bitmap.
** Checking volume information.
** The volume Rdio appears to be OK.
fsck_hfs completed at Fri Dec 27 16:03:04 2013


fsck_hfs started at Tue Jan  7 16:53:29 2014
** /dev/rdisk1s1 (NO WRITE)
   Executing fsck_hfs (version hfs-226.1.1).
** Checking non-journaled HFS Plus Volume.
   The volume name is Quicksilver
** Checking extents overflow file.
** Checking catalog file.
** Checking multi-linked files.
** Checking catalog hierarchy.
** Checking extended attributes file.
** Checking volume bitmap.
** Checking volume information.
** The volume Quicksilver appears to be OK.
fsck_hfs completed at Tue Jan  7 16:53:29 2014


fsck_hfs started at Thu Jan 16 16:42:16 2014
** /dev/rdisk1s2 (NO WRITE)
   Executing fsck_hfs (version hfs-226.1.1).
** Checking Journaled HFS Plus volume.
   The volume name is Sublime Text
** Checking extents overflow file.
** Checking catalog file.
** Checking multi-linked files.
** Checking catalog hierarchy.
** Checking extended attributes file.
** Checking volume bitmap.
** Checking volume information.
** The volume Sublime Text appears to be OK.
fsck_hfs completed at Thu Jan 16 16:42:16 2014


fsck_hfs started at Thu Jan 16 16:54:58 2014
** /dev/rdisk1s2 (NO WRITE)
   Executing fsck_hfs (version hfs-226.1.1).
** Checking Journaled HFS Plus volume.
   The volume name is Sublime Text 2
** Checking extents overflow file.
** Checking catalog file.
** Checking multi-linked files.
** Checking catalog hierarchy.
** Checking extended attributes file.
** Checking volume bitmap.
** Checking volume information.
** The volume Sublime Text 2 appears to be OK.
fsck_hfs completed at Thu Jan 16 16:54:58 2014


fsck_hfs started at Mon Jan 20 13:13:21 2014
** /dev/rdisk1s2 (NO WRITE)
   Executing fsck_hfs (version hfs-226.1.1).
** Checking Journaled HFS Plus volume.
   The volume name is Xerox Print Driver 2.113.0
** Checking extents overflow file.
** Checking catalog file.
** Checking multi-linked files.
** Checking catalog hierarchy.
** Checking extended attributes file.
** Checking volume bitmap.
** Checking volume information.
** The volume Xerox Print Driver 2.113.0 appears to be OK.
fsck_hfs completed at Mon Jan 20 13:13:21 2014


fsck_hfs started at Tue Apr  1 10:02:57 2014
** /dev/rdisk1s1 (NO WRITE)
   Executing fsck_hfs (version hfs-226.1.1).
** Checking Journaled HFS Plus volume.
   The volume name is Xerox Print Driver 3.13.0
** Checking extents overflow file.
** Checking catalog file.
** Checking multi-linked files.
** Checking catalog hierarchy.
** Checking extended attributes file.
** Checking volume bitmap.
** Checking volume information.
** The volume Xerox Print Driver 3.13.0 appears to be OK.
fsck_hfs completed at Tue Apr  1 10:02:57 2014


fsck_hfs started at Thu Apr  3 10:55:10 2014
** /dev/rdisk1s2 (NO WRITE)
   Executing fsck_hfs (version hfs-226.1.1).
** Checking Journaled HFS Plus volume.
   The volume name is ClamXav
** Checking extents overflow file.
** Checking catalog file.
** Checking multi-linked files.
** Checking catalog hierarchy.
** Checking extended attributes file.
** Checking volume bitmap.
** Checking volume information.
** The volume ClamXav appears to be OK.
fsck_hfs completed at Thu Apr  3 10:55:10 2014


fsck_hfs started at Thu Apr 24 17:18:52 2014
** /dev/rdisk1s2 (NO WRITE)
   Executing fsck_hfs (version hfs-226.1.1).
** Checking non-journaled HFS Plus Volume.
   The volume name is Microsoft Office 2011
** Checking extents overflow file.
** Checking catalog file.
** Checking multi-linked files.
** Checking catalog hierarchy.
** Checking volume bitmap.
** Checking volume information.
** The volume Microsoft Office 2011 appears to be OK.
fsck_hfs completed at Thu Apr 24 17:18:53 2014


fsck_hfs started at Mon Apr 28 10:18:34 2014
** /dev/rdisk1 (NO WRITE)
   Executing fsck_hfs (version hfs-226.1.1).
** Checking Journaled HFS Plus volume.
   The volume name is SourceTree
** Checking extents overflow file.
** Checking catalog file.
** Checking multi-linked files.
** Checking catalog hierarchy.
** Checking extended attributes file.
** Checking volume bitmap.
** Checking volume information.
** The volume SourceTree appears to be OK.
fsck_hfs completed at Mon Apr 28 10:18:34 2014


fsck_hfs started at Mon May  5 11:34:03 2014
** /dev/rdisk2s2 (NO WRITE)
   Executing fsck_hfs (version hfs-226.1.1).
** Checking non-journaled HFS Plus Volume.
   The volume name is Firefox
** Checking extents overflow file.
** Checking catalog file.
** Checking multi-linked files.
** Checking catalog hierarchy.
** Checking volume bitmap.
** Checking volume information.
** The volume Firefox appears to be OK.
fsck_hfs completed at Mon May  5 11:34:03 2014


fsck_hfs started at Wed Jun  4 09:39:14 2014
** /dev/rdisk1s2 (NO WRITE)
   Executing fsck_hfs (version hfs-226.1.1).
** Checking non-journaled HFS Plus Volume.
   The volume name is GoogleVoiceAndVideoAccelSetup_5.4.1.18709
** Checking extents overflow file.
** Checking catalog file.
** Checking multi-linked files.
** Checking catalog hierarchy.
** Checking volume bitmap.
** Checking volume information.
** The volume GoogleVoiceAndVideoAccelSetup_5.4.1.18709 appears to be OK.
fsck_hfs completed at Wed Jun  4 09:39:14 2014


fsck_hfs started at Mon Aug 18 11:21:30 2014
** /dev/rdisk2s2 (NO WRITE)
   Executing fsck_hfs (version hfs-226.1.1).
** Checking Journaled HFS Plus volume.
   The volume name is VirtualBox
** Checking extents overflow file.
** Checking catalog file.
** Checking multi-linked files.
** Checking catalog hierarchy.
** Checking extended attributes file.
** Checking volume bitmap.
** Checking volume information.
** The volume VirtualBox appears to be OK.
fsck_hfs completed at Mon Aug 18 11:21:31 2014


fsck_hfs started at Mon Aug 18 18:16:29 2014
** /dev/rdisk3s2 (NO WRITE)
   Executing fsck_hfs (version hfs-226.1.1).
** Checking non-journaled HFS Plus Volume.
   The volume name is iSkysoft PDF Editor
** Checking extents overflow file.
** Checking catalog file.
** Checking multi-linked files.
** Checking catalog hierarchy.
** Checking extended attributes file.
** Checking volume bitmap.
** Checking volume information.
** The volume iSkysoft PDF Editor appears to be OK.
fsck_hfs completed at Mon Aug 18 18:16:30 2014


fsck_hfs started at Fri Sep  5 13:33:32 2014
** /dev/rdisk1s1 (NO WRITE)
   Executing fsck_hfs (version hfs-226.1.1).
** Checking non-journaled HFS Plus Volume.
   The volume name is JDK 7 Update 67
** Checking extents overflow file.
** Checking catalog file.
** Checking multi-linked files.
** Checking catalog hierarchy.
** Checking extended attributes file.
** Checking volume bitmap.
** Checking volume information.
** The volume JDK 7 Update 67 appears to be OK.
fsck_hfs completed at Fri Sep  5 13:33:32 2014


fsck_hfs started at Tue Sep 30 09:13:49 2014
** /dev/rdisk1s2 (NO WRITE)
   Executing fsck_hfs (version hfs-226.1.1).
** Checking Journaled HFS Plus volume.
   The volume name is Sublime Text
** Checking extents overflow file.
** Checking catalog file.
** Checking multi-linked files.
** Checking catalog hierarchy.
** Checking extended attributes file.
** Checking volume bitmap.
** Checking volume information.
** The volume Sublime Text appears to be OK.
fsck_hfs completed at Tue Sep 30 09:13:49 2014


fsck_hfs started at Fri Oct 31 12:34:45 2014
** /dev/rdisk1s2 (NO WRITE)
   Executing fsck_hfs (version hfs-226.1.1).
** Checking non-journaled HFS Plus Volume.
   The volume name is IPSecuritas
** Checking extents overflow file.
** Checking catalog file.
** Checking multi-linked files.
** Checking catalog hierarchy.
** Checking extended attributes file.
** Checking volume bitmap.
** Checking volume information.
** The volume IPSecuritas appears to be OK.
fsck_hfs completed at Fri Oct 31 12:34:45 2014


fsck_hfs started at Sat Nov 22 17:18:55 2014
** /dev/rdisk2s1 (NO WRITE)
   Executing fsck_hfs (version hfs-226.1.1).
** Checking non-journaled HFS Plus Volume.
   The volume name is RubyMine
** Checking extents overflow file.
** Checking catalog file.
** Checking multi-linked files.
** Checking catalog hierarchy.
** Checking extended attributes file.
** Checking volume bitmap.
** Checking volume information.
** The volume RubyMine appears to be OK.
fsck_hfs completed at Sat Nov 22 17:18:55 2014


fsck_hfs started at Fri Nov 28 13:11:15 2014
** /dev/rdisk1s2 (NO WRITE)
   Executing fsck_hfs (version hfs-226.1.1).
** Checking Journaled HFS Plus volume.
   The volume name is Sublime Text
** Checking extents overflow file.
** Checking catalog file.
** Checking multi-linked files.
** Checking catalog hierarchy.
** Checking extended attributes file.
** Checking volume bitmap.
** Checking volume information.
** The volume Sublime Text appears to be OK.
fsck_hfs completed at Fri Nov 28 13:11:15 2014


fsck_hfs started at Wed Jan 21 15:57:40 2015
** /dev/rdisk1s2 (NO WRITE)
   Executing fsck_hfs (version hfs-226.1.1).
** Checking non-journaled HFS Plus Volume.
   The volume name is RDC
** Checking extents overflow file.
** Checking catalog file.
** Checking multi-linked files.
** Checking catalog hierarchy.
** Checking volume bitmap.
** Checking volume information.
** The volume RDC appears to be OK.
fsck_hfs completed at Wed Jan 21 15:57:40 2015


fsck_hfs started at Mon Mar  9 14:25:05 2015
** /dev/rdisk1s2 (NO WRITE)
   Executing fsck_hfs (version hfs-226.1.1).
** Checking non-journaled HFS Plus Volume.
   The volume name is Panorama9
** Checking extents overflow file.
** Checking catalog file.
** Checking multi-linked files.
** Checking catalog hierarchy.
** Checking extended attributes file.
** Checking volume bitmap.
** Checking volume information.
** The volume Panorama9 appears to be OK.
fsck_hfs completed at Mon Mar  9 14:25:05 2015


fsck_hfs started at Sat Apr 11 15:43:52 2015
** /dev/rdisk1s1 (NO WRITE)
   Executing fsck_hfs (version hfs-226.1.1).
** Checking non-journaled HFS Plus Volume.
   The volume name is P4V
** Checking extents overflow file.
** Checking catalog file.
** Checking multi-linked files.
** Checking catalog hierarchy.
** Checking extended attributes file.
** Checking volume bitmap.
** Checking volume information.
** The volume P4V appears to be OK.
fsck_hfs completed at Sat Apr 11 15:43:52 2015


fsck_hfs started at Thu Apr 30 13:05:01 2015
** /dev/rdisk1s1 (NO WRITE)
   Executing fsck_hfs (version hfs-226.1.1).
** Checking non-journaled HFS Plus Volume.
   The volume name is Adobe Acrobat Reader DC Installer
** Checking extents overflow file.
** Checking catalog file.
** Checking multi-linked files.
** Checking catalog hierarchy.
** Checking extended attributes file.
** Checking volume bitmap.
** Checking volume information.
** The volume Adobe Acrobat Reader DC Installer appears to be OK.
fsck_hfs completed at Thu Apr 30 13:05:01 2015


fsck_hfs started at Fri May 29 20:48:59 2015
** /dev/rdisk1s2 (NO WRITE)
   Executing fsck_hfs (version hfs-226.1.1).
** Checking Journaled HFS Plus volume.
   The volume name is src/sqlitebrowser
** Checking extents overflow file.
** Checking catalog file.
** Checking multi-linked files.
** Checking catalog hierarchy.
** Checking extended attributes file.
** Checking volume bitmap.
** Checking volume information.
** The volume src/sqlitebrowser appears to be OK.
fsck_hfs completed at Fri May 29 20:48:59 2015


fsck_hfs started at Sun Oct  4 10:31:08 2015
** /dev/rdisk1s1 (NO WRITE)
   Executing fsck_hfs (version hfs-226.1.1).
** Checking Journaled HFS Plus volume.
   The volume name is Sublime Text
** Checking extents overflow file.
** Checking catalog file.
** Checking multi-linked files.
** Checking catalog hierarchy.
** Checking extended attributes file.
** Checking volume bitmap.
** Checking volume information.
** The volume Sublime Text appears to be OK.
fsck_hfs completed at Sun Oct  4 10:31:09 2015


fsck_hfs started at Mon Dec 28 16:31:01 2015
** /dev/rdisk2s2 (NO WRITE)
   Executing fsck_hfs (version hfs-226.1.1).
** Checking Journaled HFS Plus volume.
   The volume name is iBackup
** Checking extents overflow file.
** Checking catalog file.
** Checking multi-linked files.
** Checking catalog hierarchy.
** Checking extended attributes file.
** Checking volume bitmap.
** Checking volume information.
** The volume iBackup appears to be OK.
fsck_hfs completed at Mon Dec 28 16:31:01 2015

