For Apple Internal Use Only; Not for Disclosure/Distribution Outside of Apple.

[ERROR]     4dce0cb4ac42 [14/02/27 14:18:01.611]  51628.main _copyPreferredAppleAccount:130 No primary account
[ERROR]     4dce0cc593d1 [14/02/27 14:18:01.612]  51628.main copy_mme_personid_early:257 null account
[ERROR]     4dce0cc69dbf [14/02/27 14:18:01.612]  51628.main ubd_main:3055 null personid
[ERROR]     4dce0dd12bbb [14/02/27 14:18:01.629]  51628.main UBRmdirRecursive:831 unlink(/Users/mike/Library/Application Support/iPhone Simulator/7.0.3/Library/Application Support/Ubiquity/peer-FFFFFFFF-FFFF-FFFF-FFFF-FFFFFFFFFFFF-v24): No such file or directory
[ERROR]     4dce0e7f39b4 [14/02/27 14:18:01.641]  51628.main UBRmdirRecursive:831 unlink(/Users/mike/Library/Application Support/iPhone Simulator/7.0.3/Library/Application Support/Ubiquity/genstore/peer-FFFFFFFF-FFFF-FFFF-FFFF-FFFFFFFFFFFF): No such file or directory
[ERROR]     4dce0f735385 [14/02/27 14:18:01.657]  51628.main db_prepare_blocking:1382 conn#0 active (create|first-open|in-txn|for-update|can-rollback), owner:main, retains:1, changes:0-0 can't prepare 'select max(local_rank) from item_table;': db error 1 (no such table: item_table)
[ERROR]     4dce0f745994 [14/02/27 14:18:01.657]  51628.main iidb_has_schema:5691 failed to prepare 'select max(local_rank) from item_table;'
[ERROR]     4dce106ce6fb [14/02/27 14:18:01.673] {FFFFFFFF} 51628.main _copyPreferredAppleAccount:130 No primary account
[ERROR]     4dce11427a1a [14/02/27 14:18:01.687] {FFFFFFFF} 51628.main _copyPreferredAppleAccount:130 No primary account
[warn]      4dce138d6aa0 [14/02/27 14:18:01.726] {FFFFFFFF} 51628.main set_computer_name:103 Not setting the computer name without a collection/config only mode
[ERROR]     4dce13b99b4d [14/02/27 14:18:01.728] {FFFFFFFF} 51628.default-queue get_collection_status:283 no collection config found for default
[ERROR]     546bb4fa1f6f [14/02/27 16:19:15.599]  57557.main _copyPreferredAppleAccount:130 No primary account
[ERROR]     546bb504d290 [14/02/27 16:19:15.600]  57557.main copy_mme_personid_early:257 null account
[ERROR]     546bb5054d65 [14/02/27 16:19:15.600]  57557.main ubd_main:3055 null personid
[ERROR]     546bb540e62e [14/02/27 16:19:15.604] {FFFFFFFF} 57557.main _copyPreferredAppleAccount:130 No primary account
[ERROR]     546bb543bab9 [14/02/27 16:19:15.604] {FFFFFFFF} 57557.main _copyPreferredAppleAccount:130 No primary account
[warn]      546bb5fc060a [14/02/27 16:19:15.616] {FFFFFFFF} 57557.main set_computer_name:103 Not setting the computer name without a collection/config only mode
[ERROR]     546bb6123178 [14/02/27 16:19:15.617] {FFFFFFFF} 57557.default-queue get_collection_status:283 no collection config found for default
[ERROR]     67fca155db6f [14/02/28 13:17:28.978]  67652.main _copyPreferredAppleAccount:130 No primary account
[ERROR]     67fca1602ae6 [14/02/28 13:17:28.979]  67652.main copy_mme_personid_early:257 null account
[ERROR]     67fca160aa71 [14/02/28 13:17:28.979]  67652.main ubd_main:3055 null personid
[ERROR]     67fca233fe75 [14/02/28 13:17:28.993] {FFFFFFFF} 67652.main _copyPreferredAppleAccount:130 No primary account
[ERROR]     67fca27c8016 [14/02/28 13:17:28.997] {FFFFFFFF} 67652.main _copyPreferredAppleAccount:130 No primary account
[warn]      67fca3930aeb [14/02/28 13:17:29.016] {FFFFFFFF} 67652.main set_computer_name:103 Not setting the computer name without a collection/config only mode
[ERROR]     67fca3c99e9f [14/02/28 13:17:29.019] {FFFFFFFF} 67652.default-queue get_collection_status:283 no collection config found for default
[ERROR]    1258392cc4c6d [14/06/26 13:48:59.076]  13094.main _copyPreferredAppleAccount:130 No primary account
[ERROR]    1258392d78f8a [14/06/26 13:48:59.076]  13094.main copy_mme_personid_early:257 null account
[ERROR]    1258392d80846 [14/06/26 13:48:59.076]  13094.main ubd_main:3055 null personid
[ERROR]    1258397cd7397 [14/06/26 13:48:59.160] {FFFFFFFF} 13094.main _copyPreferredAppleAccount:130 No primary account
[ERROR]    1258397fb82a6 [14/06/26 13:48:59.163] {FFFFFFFF} 13094.main _copyPreferredAppleAccount:130 No primary account
[warn]     1258398f07c28 [14/06/26 13:48:59.179] {FFFFFFFF} 13094.main set_computer_name:103 Not setting the computer name without a collection/config only mode
[ERROR]    12583992389d8 [14/06/26 13:48:59.182] {FFFFFFFF} 13094.default-queue get_collection_status:283 no collection config found for default
[ERROR]    126a03a60e9ea [14/06/26 14:09:21.698]  14435.main _copyPreferredAppleAccount:130 No primary account
[ERROR]    126a03a73cb9c [14/06/26 14:09:21.699]  14435.main copy_mme_personid_early:257 null account
[ERROR]    126a03a743a5e [14/06/26 14:09:21.699]  14435.main ubd_main:3055 null personid
[ERROR]    126a03d138201 [14/06/26 14:09:21.743] {FFFFFFFF} 14435.main _copyPreferredAppleAccount:130 No primary account
[ERROR]    126a03d265a57 [14/06/26 14:09:21.744] {FFFFFFFF} 14435.main _copyPreferredAppleAccount:130 No primary account
[warn]     126a03f2adee6 [14/06/26 14:09:21.778] {FFFFFFFF} 14435.main set_computer_name:103 Not setting the computer name without a collection/config only mode
[ERROR]    126a03ff6b9e3 [14/06/26 14:09:21.792] {FFFFFFFF} 14435.default-queue get_collection_status:283 no collection config found for default
[ERROR]    12ce829a82e95 [14/06/26 16:04:27.951]  23100.main _copyPreferredAppleAccount:130 No primary account
[ERROR]    12ce829b241ed [14/06/26 16:04:27.951]  23100.main copy_mme_personid_early:257 null account
[ERROR]    12ce829b2a948 [14/06/26 16:04:27.951]  23100.main ubd_main:3055 null personid
[ERROR]    12ce82c482598 [14/06/26 16:04:27.995] {FFFFFFFF} 23100.main _copyPreferredAppleAccount:130 No primary account
[ERROR]    12ce82cab3b5f [14/06/26 16:04:28.001] {FFFFFFFF} 23100.main _copyPreferredAppleAccount:130 No primary account
[warn]     12ce82dbce65b [14/06/26 16:04:28.019] {FFFFFFFF} 23100.main set_computer_name:103 Not setting the computer name without a collection/config only mode
[ERROR]    12ce82dfc26c2 [14/06/26 16:04:28.023] {FFFFFFFF} 23100.default-queue get_collection_status:283 no collection config found for default
[ERROR]    12d1a667e9f0a [14/06/26 16:08:03.727]  24523.main _copyPreferredAppleAccount:130 No primary account
[ERROR]    12d1a66895b67 [14/06/26 16:08:03.727]  24523.main copy_mme_personid_early:257 null account
[ERROR]    12d1a6689d4a2 [14/06/26 16:08:03.727]  24523.main ubd_main:3055 null personid
[ERROR]    12d1a66c8e17f [14/06/26 16:08:03.732] {FFFFFFFF} 24523.main _copyPreferredAppleAccount:130 No primary account
[ERROR]    12d1a66cb275e [14/06/26 16:08:03.732] {FFFFFFFF} 24523.main _copyPreferredAppleAccount:130 No primary account
[warn]     12d1a69ff9163 [14/06/26 16:08:03.785] {FFFFFFFF} 24523.main set_computer_name:103 Not setting the computer name without a collection/config only mode
[ERROR]    12d1a6b573c2f [14/06/26 16:08:03.808] {FFFFFFFF} 24523.default-queue get_collection_status:283 no collection config found for default
[ERROR]    12eb13a846db4 [14/06/26 16:37:11.098]  28525.main _copyPreferredAppleAccount:130 No primary account
[ERROR]    12eb13a91b126 [14/06/26 16:37:11.099]  28525.main copy_mme_personid_early:257 null account
[ERROR]    12eb13a922374 [14/06/26 16:37:11.099]  28525.main ubd_main:3055 null personid
[ERROR]    12eb13b8ccd3f [14/06/26 16:37:11.115] {FFFFFFFF} 28525.main _copyPreferredAppleAccount:130 No primary account
[ERROR]    12eb13b9efa9d [14/06/26 16:37:11.116] {FFFFFFFF} 28525.main _copyPreferredAppleAccount:130 No primary account
[warn]     12eb13d4bbfe9 [14/06/26 16:37:11.144] {FFFFFFFF} 28525.main set_computer_name:103 Not setting the computer name without a collection/config only mode
[ERROR]    12eb13e8ce1e4 [14/06/26 16:37:11.165] {FFFFFFFF} 28525.default-queue get_collection_status:283 no collection config found for default
[ERROR]    13ad29023fc5a [14/06/27 11:49:07.612]  37227.main _copyPreferredAppleAccount:130 No primary account
[ERROR]    13ad2902e9c6e [14/06/27 11:49:07.612]  37227.main copy_mme_personid_early:257 null account
[ERROR]    13ad2902f092d [14/06/27 11:49:07.613]  37227.main ubd_main:3055 null personid
[ERROR]    13ad290dddcc3 [14/06/27 11:49:07.624] {FFFFFFFF} 37227.main _copyPreferredAppleAccount:130 No primary account
[ERROR]    13ad291002a79 [14/06/27 11:49:07.626] {FFFFFFFF} 37227.main _copyPreferredAppleAccount:130 No primary account
[warn]     13ad292d15832 [14/06/27 11:49:07.657] {FFFFFFFF} 37227.main set_computer_name:103 Not setting the computer name without a collection/config only mode
[ERROR]    13ad29394e57a [14/06/27 11:49:07.670] {FFFFFFFF} 37227.default-queue get_collection_status:283 no collection config found for default
[ERROR]       22bbed7658 [14/07/02 09:20:18.081]  2027.main _copyPreferredAppleAccount:130 No primary account
[ERROR]       22bbf8b3a6 [14/07/02 09:20:18.082]  2027.main copy_mme_personid_early:257 null account
[ERROR]       22bbf92aa3 [14/07/02 09:20:18.082]  2027.main ubd_main:3055 null personid
[ERROR]       22bce12ae3 [14/07/02 09:20:18.097] {FFFFFFFF} 2027.main _copyPreferredAppleAccount:130 No primary account
[ERROR]       22bd069eb0 [14/07/02 09:20:18.099] {FFFFFFFF} 2027.main _copyPreferredAppleAccount:130 No primary account
[warn]        22bdf6ce87 [14/07/02 09:20:18.115] {FFFFFFFF} 2027.main set_computer_name:103 Not setting the computer name without a collection/config only mode
[ERROR]       22be2cfef8 [14/07/02 09:20:18.119] {FFFFFFFF} 2027.default-queue get_collection_status:283 no collection config found for default
[ERROR]     251deef010f4 [14/07/03 11:54:25.818]  22699.main _copyPreferredAppleAccount:130 No primary account
[ERROR]     251defcdf78f [14/07/03 11:54:25.833]  22699.main copy_mme_personid_early:257 null account
[ERROR]     251defcef6fa [14/07/03 11:54:25.833]  22699.main ubd_main:3055 null personid
[ERROR]     251df5ea4372 [14/07/03 11:54:25.935] {FFFFFFFF} 22699.main _copyPreferredAppleAccount:130 No primary account
[ERROR]     251df6260d94 [14/07/03 11:54:25.939] {FFFFFFFF} 22699.main _copyPreferredAppleAccount:130 No primary account
[warn]      251df75e2d69 [14/07/03 11:54:25.960] {FFFFFFFF} 22699.main set_computer_name:103 Not setting the computer name without a collection/config only mode
[ERROR]     251df795f3ff [14/07/03 11:54:25.963] {FFFFFFFF} 22699.default-queue get_collection_status:283 no collection config found for default
[ERROR]     4b8af9e922ed [14/07/04 16:02:38.098]  41085.main _copyPreferredAppleAccount:130 No primary account
[ERROR]     4b8af9fce13d [14/07/04 16:02:38.100]  41085.main copy_mme_personid_early:257 null account
[ERROR]     4b8af9fd5c3a [14/07/04 16:02:38.100]  41085.main ubd_main:3055 null personid
[ERROR]     4b8afad90b0c [14/07/04 16:02:38.114] {FFFFFFFF} 41085.main _copyPreferredAppleAccount:130 No primary account
[ERROR]     4b8afb033e3a [14/07/04 16:02:38.117] {FFFFFFFF} 41085.main _copyPreferredAppleAccount:130 No primary account
[warn]      4b8afbd89723 [14/07/04 16:02:38.131] {FFFFFFFF} 41085.main set_computer_name:103 Not setting the computer name without a collection/config only mode
[ERROR]     4b8afc155d20 [14/07/04 16:02:38.135] {FFFFFFFF} 41085.default-queue get_collection_status:283 no collection config found for default
[ERROR]     4babee9e1267 [14/07/22 12:05:51.604]  44352.main _copyPreferredAppleAccount:130 No primary account
[ERROR]     4babeeb493dc [14/07/22 12:05:51.605]  44352.main copy_mme_personid_early:257 null account
[ERROR]     4babeeb55772 [14/07/22 12:05:51.605]  44352.main ubd_main:3055 null personid
[ERROR]     4babf08e84ea [14/07/22 12:05:51.636] {FFFFFFFF} 44352.main _copyPreferredAppleAccount:130 No primary account
[ERROR]     4babf0c3a2b9 [14/07/22 12:05:51.640] {FFFFFFFF} 44352.main _copyPreferredAppleAccount:130 No primary account
[warn]      4babf573cd88 [14/07/22 12:05:51.718] {FFFFFFFF} 44352.main set_computer_name:103 Not setting the computer name without a collection/config only mode
[ERROR]     4babf74eb74a [14/07/22 12:05:51.750] {FFFFFFFF} 44352.default-queue get_collection_status:283 no collection config found for default
[ERROR]    126118ec20978 [14/08/01 10:10:30.312]  47690.main _copyPreferredAppleAccount:130 No primary account
[ERROR]    126118ecb5569 [14/08/01 10:10:30.313]  47690.main copy_mme_personid_early:257 null account
[ERROR]    126118ecbd556 [14/08/01 10:10:30.313]  47690.main ubd_main:3055 null personid
[ERROR]    126118fae9ba2 [14/08/01 10:10:30.328] {FFFFFFFF} 47690.main _copyPreferredAppleAccount:130 No primary account
[ERROR]    126118fe0d2c4 [14/08/01 10:10:30.331] {FFFFFFFF} 47690.main _copyPreferredAppleAccount:130 No primary account
[warn]     1261190b39cad [14/08/01 10:10:30.345] {FFFFFFFF} 47690.main set_computer_name:103 Not setting the computer name without a collection/config only mode
[ERROR]    1261190e70375 [14/08/01 10:10:30.348] {FFFFFFFF} 47690.default-queue get_collection_status:283 no collection config found for default
[ERROR]    1270c206e6dad [14/08/01 10:28:26.533]  48567.main _copyPreferredAppleAccount:130 No primary account
[ERROR]    1270c2080e107 [14/08/01 10:28:26.534]  48567.main copy_mme_personid_early:257 null account
[ERROR]    1270c20817413 [14/08/01 10:28:26.534]  48567.main ubd_main:3055 null personid
[ERROR]    1270c218d1bc4 [14/08/01 10:28:26.552] {FFFFFFFF} 48567.main _copyPreferredAppleAccount:130 No primary account
[ERROR]    1270c21afe938 [14/08/01 10:28:26.554] {FFFFFFFF} 48567.main _copyPreferredAppleAccount:130 No primary account
[warn]     1270c2361d20e [14/08/01 10:28:26.583] {FFFFFFFF} 48567.main set_computer_name:103 Not setting the computer name without a collection/config only mode
[ERROR]    1270c239bfc89 [14/08/01 10:28:26.586] {FFFFFFFF} 48567.default-queue get_collection_status:283 no collection config found for default
[ERROR]    12d0fe983a310 [14/08/01 12:18:40.078]  53512.main _copyPreferredAppleAccount:130 No primary account
[ERROR]    12d0fe98eec82 [14/08/01 12:18:40.079]  53512.main copy_mme_personid_early:257 null account
[ERROR]    12d0fe98fb2b1 [14/08/01 12:18:40.079]  53512.main ubd_main:3055 null personid
[ERROR]    12d0fea7fa3a2 [14/08/01 12:18:40.095] {FFFFFFFF} 53512.main _copyPreferredAppleAccount:130 No primary account
[ERROR]    12d0fea971aa5 [14/08/01 12:18:40.096] {FFFFFFFF} 53512.main _copyPreferredAppleAccount:130 No primary account
[warn]     12d0feb2b1963 [14/08/01 12:18:40.106] {FFFFFFFF} 53512.main set_computer_name:103 Not setting the computer name without a collection/config only mode
[ERROR]    12d0feb49e2d4 [14/08/01 12:18:40.108] {FFFFFFFF} 53512.default-queue get_collection_status:283 no collection config found for default
[ERROR]    1554b3a78b219 [14/08/05 14:19:42.379]  79514.main _copyPreferredAppleAccount:130 No primary account
[ERROR]    1554b3ac21794 [14/08/05 14:19:42.384]  79514.main copy_mme_personid_early:257 null account
[ERROR]    1554b3ac28c4b [14/08/05 14:19:42.384]  79514.main ubd_main:3055 null personid
[ERROR]    1554b3bfc1da0 [14/08/05 14:19:42.404] {FFFFFFFF} 79514.main _copyPreferredAppleAccount:130 No primary account
[ERROR]    1554b3c3cce2f [14/08/05 14:19:42.409] {FFFFFFFF} 79514.main _copyPreferredAppleAccount:130 No primary account
[warn]     1554b3d3fc662 [14/08/05 14:19:42.426] {FFFFFFFF} 79514.main set_computer_name:103 Not setting the computer name without a collection/config only mode
[ERROR]    1554b3d6e8bcf [14/08/05 14:19:42.429] {FFFFFFFF} 79514.default-queue get_collection_status:283 no collection config found for default
[ERROR]    2b7180fb69d45 [14/08/22 10:36:39.731]  80877.main _copyPreferredAppleAccount:130 No primary account
[ERROR]    2b7180fcef8bb [14/08/22 10:36:39.732]  80877.main copy_mme_personid_early:257 null account
[ERROR]    2b7180fcf6c07 [14/08/22 10:36:39.732]  80877.main ubd_main:3055 null personid
[ERROR]    2b71813139ee8 [14/08/22 10:36:39.787] {FFFFFFFF} 80877.main _copyPreferredAppleAccount:130 No primary account
[ERROR]    2b7181332f82e [14/08/22 10:36:39.789] {FFFFFFFF} 80877.main _copyPreferredAppleAccount:130 No primary account
[warn]     2b71815db024b [14/08/22 10:36:39.834] {FFFFFFFF} 80877.main set_computer_name:103 Not setting the computer name without a collection/config only mode
[ERROR]    2b71816915231 [14/08/22 10:36:39.846] {FFFFFFFF} 80877.default-queue get_collection_status:283 no collection config found for default
[ERROR]      678763a74cd [14/08/25 11:47:43.467]  5742.main _copyPreferredAppleAccount:130 No primary account
[ERROR]      678764911bf [14/08/25 11:47:43.467]  5742.main copy_mme_personid_early:257 null account
[ERROR]      67876499a79 [14/08/25 11:47:43.468]  5742.main ubd_main:3055 null personid
[ERROR]      67878f159ab [14/08/25 11:47:43.512] {FFFFFFFF} 5742.main _copyPreferredAppleAccount:130 No primary account
[ERROR]      678791979aa [14/08/25 11:47:43.515] {FFFFFFFF} 5742.main _copyPreferredAppleAccount:130 No primary account
[warn]       6788809eb4a [14/08/25 11:47:43.765] {FFFFFFFF} 5742.main set_computer_name:103 Not setting the computer name without a collection/config only mode
[ERROR]      67888441abc [14/08/25 11:47:43.769] {FFFFFFFF} 5742.default-queue get_collection_status:283 no collection config found for default
[ERROR]     152fe878e6f8 [14/08/25 16:27:45.856]  12944.main _copyPreferredAppleAccount:130 No primary account
[ERROR]     152fe8837828 [14/08/25 16:27:45.857]  12944.main copy_mme_personid_early:257 null account
[ERROR]     152fe883dd46 [14/08/25 16:27:45.857]  12944.main ubd_main:3055 null personid
[ERROR]     152fe96d56ea [14/08/25 16:27:45.872] {FFFFFFFF} 12944.main _copyPreferredAppleAccount:130 No primary account
[ERROR]     152fe995745e [14/08/25 16:27:45.875] {FFFFFFFF} 12944.main _copyPreferredAppleAccount:130 No primary account
[warn]      152fea62fbd7 [14/08/25 16:27:45.888] {FFFFFFFF} 12944.main set_computer_name:103 Not setting the computer name without a collection/config only mode
[ERROR]     152fea937fdc [14/08/25 16:27:45.891] {FFFFFFFF} 12944.default-queue get_collection_status:283 no collection config found for default
[ERROR]    19a5961d432ed [14/09/22 10:36:05.455]  36415.main _copyPreferredAppleAccount:130 No primary account
[ERROR]    19a5962d60431 [14/09/22 10:36:05.472]  36415.main copy_mme_personid_early:257 null account
[ERROR]    19a5962d6f77b [14/09/22 10:36:05.472]  36415.main ubd_main:3055 null personid
[ERROR]    19a596b16f2ff [14/09/22 10:36:05.610] {FFFFFFFF} 36415.main _copyPreferredAppleAccount:130 No primary account
[ERROR]    19a596b1da9c3 [14/09/22 10:36:05.610] {FFFFFFFF} 36415.main _copyPreferredAppleAccount:130 No primary account
[warn]     19a596d570491 [14/09/22 10:36:05.648] {FFFFFFFF} 36415.main set_computer_name:103 Not setting the computer name without a collection/config only mode
[ERROR]    19a596d7218b2 [14/09/22 10:36:05.650] {FFFFFFFF} 36415.default-queue get_collection_status:283 no collection config found for default
[ERROR]     4d98cd1d5e1d [14/11/19 16:00:45.592]  55906.main _copyPreferredAppleAccount:130 No primary account
[ERROR]     4d98cfee9476 [14/11/19 16:00:45.639]  55906.main copy_mme_personid_early:257 null account
[ERROR]     4d98cfef6dd1 [14/11/19 16:00:45.639]  55906.main ubd_main:3055 null personid
[ERROR]     4d98d546366f [14/11/19 16:00:45.729] {FFFFFFFF} 55906.main _copyPreferredAppleAccount:130 No primary account
[ERROR]     4d98d54adfc4 [14/11/19 16:00:45.729] {FFFFFFFF} 55906.main _copyPreferredAppleAccount:130 No primary account
[warn]      4d98d6eb2f51 [14/11/19 16:00:45.756] {FFFFFFFF} 55906.main set_computer_name:103 Not setting the computer name without a collection/config only mode
[ERROR]     4d98d702654e [14/11/19 16:00:45.758] {FFFFFFFF} 55906.default-queue get_collection_status:283 no collection config found for default
[ERROR]     81ed2365c09a [14/11/21 14:29:39.708]  85828.main _copyPreferredAppleAccount:130 No primary account
[ERROR]     81ed2375fef5 [14/11/21 14:29:39.709]  85828.main copy_mme_personid_early:257 null account
[ERROR]     81ed23767aa3 [14/11/21 14:29:39.709]  85828.main ubd_main:3055 null personid
[ERROR]     81ed25ef0ab6 [14/11/21 14:29:39.751] {FFFFFFFF} 85828.main _copyPreferredAppleAccount:130 No primary account
[ERROR]     81ed25f39fea [14/11/21 14:29:39.751] {FFFFFFFF} 85828.main _copyPreferredAppleAccount:130 No primary account
[warn]      81ed26a2bbb9 [14/11/21 14:29:39.763] {FFFFFFFF} 85828.main set_computer_name:103 Not setting the computer name without a collection/config only mode
[ERROR]     81ed26bb7e20 [14/11/21 14:29:39.764] {FFFFFFFF} 85828.default-queue get_collection_status:283 no collection config found for default
[ERROR]     187027aafa7f [15/02/12 15:43:06.702]  22893.main _copyPreferredAppleAccount:130 No primary account
[ERROR]     187029200ba5 [15/02/12 15:43:06.726]  22893.main copy_mme_personid_early:257 null account
[ERROR]     18702920d700 [15/02/12 15:43:06.726]  22893.main ubd_main:3055 null personid
[ERROR]     187032e20bea [15/02/12 15:43:06.890] {FFFFFFFF} 22893.main _copyPreferredAppleAccount:130 No primary account
[ERROR]     187032e6fb6c [15/02/12 15:43:06.890] {FFFFFFFF} 22893.main _copyPreferredAppleAccount:130 No primary account
[warn]      187033b0b693 [15/02/12 15:43:06.903] {FFFFFFFF} 22893.main set_computer_name:103 Not setting the computer name without a collection/config only mode
[ERROR]     1870343cdfa6 [15/02/12 15:43:06.912] {FFFFFFFF} 22893.default-queue get_collection_status:283 no collection config found for default
[ERROR]     18b22eaf198b [15/02/12 15:47:50.296]  24669.main _copyPreferredAppleAccount:130 No primary account
[ERROR]     18b22eb8c7bd [15/02/12 15:47:50.297]  24669.main copy_mme_personid_early:257 null account
[ERROR]     18b22eb92ab8 [15/02/12 15:47:50.297]  24669.main ubd_main:3055 null personid
[ERROR]     18b22f2306f2 [15/02/12 15:47:50.304] {FFFFFFFF} 24669.main _copyPreferredAppleAccount:130 No primary account
[ERROR]     18b22f257ddf [15/02/12 15:47:50.304] {FFFFFFFF} 24669.main _copyPreferredAppleAccount:130 No primary account
[warn]      18b22fd29d7c [15/02/12 15:47:50.315] {FFFFFFFF} 24669.main set_computer_name:103 Not setting the computer name without a collection/config only mode
[ERROR]     18b22fe8f7c1 [15/02/12 15:47:50.317] {FFFFFFFF} 24669.default-queue get_collection_status:283 no collection config found for default
[ERROR]     19452a0c88b1 [15/02/12 15:58:21.599]  30412.main _copyPreferredAppleAccount:130 No primary account
[ERROR]     19452a1a0e96 [15/02/12 15:58:21.600]  30412.main copy_mme_personid_early:257 null account
[ERROR]     19452a1aa42e [15/02/12 15:58:21.600]  30412.main ubd_main:3055 null personid
[ERROR]     19452aa6649b [15/02/12 15:58:21.610] {FFFFFFFF} 30412.main _copyPreferredAppleAccount:130 No primary account
[ERROR]     19452aa92086 [15/02/12 15:58:21.610] {FFFFFFFF} 30412.main _copyPreferredAppleAccount:130 No primary account
[warn]      19452b5aaaf5 [15/02/12 15:58:21.621] {FFFFFFFF} 30412.main set_computer_name:103 Not setting the computer name without a collection/config only mode
[ERROR]     19452b70be7b [15/02/12 15:58:21.623] {FFFFFFFF} 30412.default-queue get_collection_status:283 no collection config found for default
[ERROR]     19905b9a8d9e [15/02/12 16:03:44.564]  32385.main _copyPreferredAppleAccount:130 No primary account
[ERROR]     19905d073beb [15/02/12 16:03:44.588]  32385.main copy_mme_personid_early:257 null account
[ERROR]     19905d089bd6 [15/02/12 16:03:44.588]  32385.main ubd_main:3055 null personid
[ERROR]     19905f0c97e7 [15/02/12 16:03:44.622] {FFFFFFFF} 32385.main _copyPreferredAppleAccount:130 No primary account
[ERROR]     19905f35385e [15/02/12 16:03:44.624] {FFFFFFFF} 32385.main _copyPreferredAppleAccount:130 No primary account
[warn]      1990602ab36a [15/02/12 16:03:44.641] {FFFFFFFF} 32385.main set_computer_name:103 Not setting the computer name without a collection/config only mode
[ERROR]     19906179d2e2 [15/02/12 16:03:44.663] {FFFFFFFF} 32385.default-queue get_collection_status:283 no collection config found for default
[ERROR]     cbd58e38b2fc [15/03/03 17:18:05.930]  94753.main _copyPreferredAppleAccount:130 No primary account
[ERROR]     cbd58e46d7de [15/03/03 17:18:05.931]  94753.main copy_mme_personid_early:257 null account
[ERROR]     cbd58e475630 [15/03/03 17:18:05.931]  94753.main ubd_main:3055 null personid
[ERROR]     cbd58fb4b3bf [15/03/03 17:18:05.955] {FFFFFFFF} 94753.main _copyPreferredAppleAccount:130 No primary account
[ERROR]     cbd58fe0162b [15/03/03 17:18:05.958] {FFFFFFFF} 94753.main _copyPreferredAppleAccount:130 No primary account
[warn]      cbd591c0da9b [15/03/03 17:18:05.989] {FFFFFFFF} 94753.main set_computer_name:103 Not setting the computer name without a collection/config only mode
[ERROR]     cbd591f02732 [15/03/03 17:18:05.992] {FFFFFFFF} 94753.default-queue get_collection_status:283 no collection config found for default
[ERROR]     883beef823e2 [15/04/27 10:01:45.433]  78181.main _copyPreferredAppleAccount:130 No primary account
[ERROR]     883bef02d003 [15/04/27 10:01:45.433]  78181.main copy_mme_personid_early:257 null account
[ERROR]     883bef032f98 [15/04/27 10:01:45.433]  78181.main ubd_main:3055 null personid
[ERROR]     883bf04f8bd2 [15/04/27 10:01:45.455] {FFFFFFFF} 78181.main _copyPreferredAppleAccount:130 No primary account
[ERROR]     883bf06bbbce [15/04/27 10:01:45.457] {FFFFFFFF} 78181.main _copyPreferredAppleAccount:130 No primary account
[warn]      883bf19a560e [15/04/27 10:01:45.477] {FFFFFFFF} 78181.main set_computer_name:103 Not setting the computer name without a collection/config only mode
[ERROR]     883bf1bcd7da [15/04/27 10:01:45.479] {FFFFFFFF} 78181.default-queue get_collection_status:283 no collection config found for default
[ERROR]     89dba03422a0 [15/04/27 10:31:30.878]  81807.main _copyPreferredAppleAccount:130 No primary account
[ERROR]     89dba03e58d4 [15/04/27 10:31:30.879]  81807.main copy_mme_personid_early:257 null account
[ERROR]     89dba03ecbc1 [15/04/27 10:31:30.879]  81807.main ubd_main:3055 null personid
[ERROR]     89dba1d006b9 [15/04/27 10:31:30.905] {FFFFFFFF} 81807.main _copyPreferredAppleAccount:130 No primary account
[ERROR]     89dba1fc3932 [15/04/27 10:31:30.908] {FFFFFFFF} 81807.main _copyPreferredAppleAccount:130 No primary account
[warn]      89dba2fbc228 [15/04/27 10:31:30.925] {FFFFFFFF} 81807.main set_computer_name:103 Not setting the computer name without a collection/config only mode
[ERROR]     89dba342d472 [15/04/27 10:31:30.930] {FFFFFFFF} 81807.default-queue get_collection_status:283 no collection config found for default
[ERROR]     92d9ce42ee00 [15/04/27 13:16:19.002]  1757.main _copyPreferredAppleAccount:130 No primary account
[ERROR]     92d9ce5033e2 [15/04/27 13:16:19.003]  1757.main copy_mme_personid_early:257 null account
[ERROR]     92d9ce50c2e0 [15/04/27 13:16:19.003]  1757.main ubd_main:3055 null personid
[ERROR]     92d9d078de87 [15/04/27 13:16:19.039] {FFFFFFFF} 1757.main _copyPreferredAppleAccount:130 No primary account
[ERROR]     92d9d08c2ee1 [15/04/27 13:16:19.040] {FFFFFFFF} 1757.main _copyPreferredAppleAccount:130 No primary account
[warn]      92d9d41218c3 [15/04/27 13:16:19.099] {FFFFFFFF} 1757.main set_computer_name:103 Not setting the computer name without a collection/config only mode
[ERROR]     92d9d4f7e11d [15/04/27 13:16:19.114] {FFFFFFFF} 1757.default-queue get_collection_status:283 no collection config found for default
[ERROR]     6df4e38c4da1 [15/05/06 13:00:21.182]  18425.main _copyPreferredAppleAccount:130 No primary account
[ERROR]     6df4e3b685a3 [15/05/06 13:00:21.185]  18425.main copy_mme_personid_early:257 null account
[ERROR]     6df4e3b6fd2f [15/05/06 13:00:21.185]  18425.main ubd_main:3055 null personid
[ERROR]     6df4e5150950 [15/05/06 13:00:21.208] {FFFFFFFF} 18425.main _copyPreferredAppleAccount:130 No primary account
[ERROR]     6df4e519952c [15/05/06 13:00:21.208] {FFFFFFFF} 18425.main _copyPreferredAppleAccount:130 No primary account
[warn]      6df4e61c62f8 [15/05/06 13:00:21.225] {FFFFFFFF} 18425.main set_computer_name:103 Not setting the computer name without a collection/config only mode
[ERROR]     6df4e63590ba [15/05/06 13:00:21.227] {FFFFFFFF} 18425.default-queue get_collection_status:283 no collection config found for default
[ERROR]     b6d7fde651d1 [15/07/09 18:05:32.093]  86859.main _copyPreferredAppleAccount:130 No primary account
[ERROR]     b6d7fdf0e1af [15/07/09 18:05:32.094]  86859.main copy_mme_personid_early:257 null account
[ERROR]     b6d7fdf14a11 [15/07/09 18:05:32.094]  86859.main ubd_main:3055 null personid
[ERROR]     b6d7fec42c5a [15/07/09 18:05:32.108] {FFFFFFFF} 86859.main _copyPreferredAppleAccount:130 No primary account
[ERROR]     b6d7fecb7245 [15/07/09 18:05:32.108] {FFFFFFFF} 86859.main _copyPreferredAppleAccount:130 No primary account
[warn]      b6d7ff959db5 [15/07/09 18:05:32.121] {FFFFFFFF} 86859.main set_computer_name:103 Not setting the computer name without a collection/config only mode
[ERROR]     b6d7ffc153b6 [15/07/09 18:05:32.124] {FFFFFFFF} 86859.default-queue get_collection_status:283 no collection config found for default
[ERROR]     49aa5d079be1 [15/07/29 09:37:06.554]  65817.main _copyPreferredAppleAccount:130 No primary account
[ERROR]     49aa5d12f71c [15/07/29 09:37:06.555]  65817.main copy_mme_personid_early:257 null account
[ERROR]     49aa5d136396 [15/07/29 09:37:06.555]  65817.main ubd_main:3055 null personid
[ERROR]     49aa5e585187 [15/07/29 09:37:06.576] {FFFFFFFF} 65817.main _copyPreferredAppleAccount:130 No primary account
[ERROR]     49aa5e613e5a [15/07/29 09:37:06.577] {FFFFFFFF} 65817.main _copyPreferredAppleAccount:130 No primary account
[warn]      49aa5f6696f3 [15/07/29 09:37:06.594] {FFFFFFFF} 65817.main set_computer_name:103 Not setting the computer name without a collection/config only mode
[ERROR]     49aa5faade6b [15/07/29 09:37:06.598] {FFFFFFFF} 65817.default-queue get_collection_status:283 no collection config found for default
[ERROR]    1ba04cee9ade1 [15/08/12 18:06:40.816]  90262.main _copyPreferredAppleAccount:130 No primary account
[ERROR]    1ba04cf62a739 [15/08/12 18:06:40.824]  90262.main copy_mme_personid_early:257 null account
[ERROR]    1ba04cf63bf09 [15/08/12 18:06:40.824]  90262.main ubd_main:3055 null personid
[ERROR]    1ba04d17ee0e8 [15/08/12 18:06:40.860] {FFFFFFFF} 90262.main _copyPreferredAppleAccount:130 No primary account
[ERROR]    1ba04d1838606 [15/08/12 18:06:40.860] {FFFFFFFF} 90262.main _copyPreferredAppleAccount:130 No primary account
[warn]     1ba04d3ffe24d [15/08/12 18:06:40.902] {FFFFFFFF} 90262.main set_computer_name:103 Not setting the computer name without a collection/config only mode
[ERROR]    1ba04d462556d [15/08/12 18:06:40.908] {FFFFFFFF} 90262.default-queue get_collection_status:283 no collection config found for default
